<?xml version="1.0" encoding="UTF-8"?>
<!-- Generated by org.testng.reporters.JUnitReportReporter -->
<testsuite hostname="VANKAMRE-3L179K3" failures="0" tests="2" name="com.ebs.test.drivertest.Seleniumt11TestNgTest" time="20.693" errors="0" timestamp="21 Sep 2023 20:31:36 GMT" skipped="0">
  <testcase classname="com.ebs.test.drivertest.Seleniumt11TestNgTest" name="login" time="10.403"/>
  <testcase classname="com.ebs.test.drivertest.Seleniumt11TestNgTest" name="login" time="10.290"/>
</testsuite> <!-- com.ebs.test.drivertest.Seleniumt11TestNgTest -->
